<?xml version="1.0" encoding="UTF-8"?>
<!-- Generated by org.testng.reporters.JUnitXMLReporter -->
<testsuite ignored="0" hostname="DESKTOP-440KVED" failures="0" tests="3" name="Calendar" time="0.878" errors="0" timestamp="2024-04-02T08:46:58 IST">
  <testcase classname="testcases.TC_007_VisitDate" name="clickTable" time="0.319"/>
  <testcase classname="testcases.TC_007_VisitDate" name="nextButton" time="0.36"/>
  <testcase classname="testcases.TC_007_VisitDate" name="selectDate" time="0.16"/>
</testsuite> <!-- Calendar -->
