<?xml version="1.0" encoding="UTF-8"?>
<!-- Generated by org.testng.reporters.JUnitXMLReporter -->
<testsuite ignored="0" hostname="DESKTOP-440KVED" failures="0" tests="0" time="0.034" errors="0" timestamp="2024-03-31T14:52:46 IST">
  <testcase classname="commonFunctions.CommonFunctions" name="@BeforeSuite launchBrowser" time="0.214">
    <failure type="org.openqa.selenium.remote.NoSuchDriverException" message="chromedriver at location C:selenium webdriverchromedriver-win64, does not exist
For documentation on this error, please visit: https://www.selenium.dev/documentation/webdriver/troubleshooting/errors/driver_location/
Build info: version: &amp;apos;4.18.1&amp;apos;, revision: &amp;apos;b1d3319b48&amp;apos;
System info: os.name: &amp;apos;Windows 10&amp;apos;, os.arch: &amp;apos;amd64&amp;apos;, os.version: &amp;apos;10.0&amp;apos;, java.version: &amp;apos;21.0.2&amp;apos;
Driver info: driver.version: ChromeDriver">
      <![CDATA[org.openqa.selenium.remote.NoSuchDriverException: chromedriver at location C:selenium webdriverchromedriver-win64, does not exist
For documentation on this error, please visit: https://www.selenium.dev/documentation/webdriver/troubleshooting/errors/driver_location/
Build info: version: '4.18.1', revision: 'b1d3319b48'
System info: os.name: 'Windows 10', os.arch: 'amd64', os.version: '10.0', java.version: '21.0.2'
Driver info: driver.version: ChromeDriver
at org.openqa.selenium.remote.service.DriverFinder.getPath(DriverFinder.java:76)
at org.openqa.selenium.remote.service.DriverFinder.getPath(DriverFinder.java:33)
at org.openqa.selenium.chrome.ChromeDriver.generateExecutor(ChromeDriver.java:99)
at org.openqa.selenium.chrome.ChromeDriver.<init>(ChromeDriver.java:89)
at org.openqa.selenium.chrome.ChromeDriver.<init>(ChromeDriver.java:84)
at org.openqa.selenium.chrome.ChromeDriver.<init>(ChromeDriver.java:52)
at commonFunctions.CommonFunctions.launchBrowser(CommonFunctions.java:33)
... Removed 17 stack frames]]>
    </failure>
  </testcase> <!-- @BeforeSuite launchBrowser -->
</testsuite>
