<?xml version="1.0" encoding="UTF-8"?>
<testng-results ignored="0" total="12" passed="12" failed="0" skipped="0">
  <reporter-output>
  </reporter-output>
  <suite started-at="2024-04-02T08:46:46 IST" name="Test Suite" finished-at="2024-04-02T08:47:08 IST" duration-ms="22409">
    <groups>
    </groups>
    <test started-at="2024-04-02T08:46:46 IST" name="common functions" finished-at="2024-04-02T08:46:46 IST" duration-ms="334">
    </test> <!-- common functions -->
    <test started-at="2024-04-02T08:46:47 IST" name="MakeAppointment" finished-at="2024-04-02T08:46:50 IST" duration-ms="3178">
      <class name="testcases.TC_002_MakeAppointment">
        <test-method signature="makeAppointment()[pri:0, instance:testcases.TC_002_MakeAppointment@61862a7f]" started-at="2024-04-02T08:46:47 IST" name="makeAppointment" finished-at="2024-04-02T08:46:50 IST" duration-ms="3005" status="PASS">
          <reporter-output>
          </reporter-output>
        </test-method> <!-- makeAppointment -->
      </class> <!-- testcases.TC_002_MakeAppointment -->
    </test> <!-- MakeAppointment -->
    <test started-at="2024-04-02T08:46:50 IST" name="LoginPage" finished-at="2024-04-02T08:46:56 IST" duration-ms="5544">
      <class name="testcases.TC_003_LoginPage">
        <test-method signature="login()[pri:0, instance:testcases.TC_003_LoginPage@52e6fdee]" started-at="2024-04-02T08:46:50 IST" name="login" finished-at="2024-04-02T08:46:56 IST" duration-ms="5490" status="PASS">
          <reporter-output>
          </reporter-output>
        </test-method> <!-- login -->
      </class> <!-- testcases.TC_003_LoginPage -->
    </test> <!-- LoginPage -->
    <test started-at="2024-04-02T08:46:56 IST" name="Facility Function" finished-at="2024-04-02T08:46:57 IST" duration-ms="1112">
      <class name="testcases.TC_004_FacilityFunction">
        <test-method signature="clickTexBox()[pri:0, instance:testcases.TC_004_FacilityFunction@6dc17b83]" started-at="2024-04-02T08:46:56 IST" name="clickTexBox" finished-at="2024-04-02T08:46:57 IST" duration-ms="1074" status="PASS">
          <reporter-output>
          </reporter-output>
        </test-method> <!-- clickTexBox -->
      </class> <!-- testcases.TC_004_FacilityFunction -->
    </test> <!-- Facility Function -->
    <test started-at="2024-04-02T08:46:57 IST" name="CheckBox" finished-at="2024-04-02T08:46:57 IST" duration-ms="399">
      <class name="testcases.TC_005_CheckBox">
        <test-method signature="checkBox()[pri:0, instance:testcases.TC_005_CheckBox@6aba2b86]" started-at="2024-04-02T08:46:57 IST" name="checkBox" finished-at="2024-04-02T08:46:57 IST" duration-ms="391" status="PASS">
          <reporter-output>
          </reporter-output>
        </test-method> <!-- checkBox -->
      </class> <!-- testcases.TC_005_CheckBox -->
    </test> <!-- CheckBox -->
    <test started-at="2024-04-02T08:46:57 IST" name="RadioButton" finished-at="2024-04-02T08:46:58 IST" duration-ms="206">
      <class name="testcases.TC_006_RadioButton">
        <test-method signature="radioButton()[pri:0, instance:testcases.TC_006_RadioButton@5af3afd9]" started-at="2024-04-02T08:46:57 IST" name="radioButton" finished-at="2024-04-02T08:46:58 IST" duration-ms="199" status="PASS">
          <reporter-output>
          </reporter-output>
        </test-method> <!-- radioButton -->
      </class> <!-- testcases.TC_006_RadioButton -->
    </test> <!-- RadioButton -->
    <test started-at="2024-04-02T08:46:58 IST" name="Calendar" finished-at="2024-04-02T08:46:58 IST" duration-ms="878">
      <class name="testcases.TC_007_VisitDate">
        <test-method signature="clickTable()[pri:0, instance:testcases.TC_007_VisitDate@359f7cdf]" started-at="2024-04-02T08:46:58 IST" name="clickTable" finished-at="2024-04-02T08:46:58 IST" duration-ms="319" status="PASS">
          <reporter-output>
          </reporter-output>
        </test-method> <!-- clickTable -->
        <test-method signature="nextButton()[pri:0, instance:testcases.TC_007_VisitDate@359f7cdf]" started-at="2024-04-02T08:46:58 IST" name="nextButton" finished-at="2024-04-02T08:46:58 IST" duration-ms="360" status="PASS">
          <reporter-output>
          </reporter-output>
        </test-method> <!-- nextButton -->
        <test-method signature="selectDate()[pri:0, instance:testcases.TC_007_VisitDate@359f7cdf]" started-at="2024-04-02T08:46:58 IST" name="selectDate" finished-at="2024-04-02T08:46:58 IST" duration-ms="160" status="PASS">
          <reporter-output>
          </reporter-output>
        </test-method> <!-- selectDate -->
      </class> <!-- testcases.TC_007_VisitDate -->
    </test> <!-- Calendar -->
    <test started-at="2024-04-02T08:46:59 IST" name="CommentFunction" finished-at="2024-04-02T08:46:59 IST" duration-ms="796">
      <class name="testcases.TC_008_CommentBox">
        <test-method signature="commentBox()[pri:0, instance:testcases.TC_008_CommentBox@79924b]" started-at="2024-04-02T08:46:59 IST" name="commentBox" finished-at="2024-04-02T08:46:59 IST" duration-ms="791" status="PASS">
          <reporter-output>
          </reporter-output>
        </test-method> <!-- commentBox -->
      </class> <!-- testcases.TC_008_CommentBox -->
    </test> <!-- CommentFunction -->
    <test started-at="2024-04-02T08:46:59 IST" name="BookAppointmentButton" finished-at="2024-04-02T08:47:00 IST" duration-ms="822">
      <class name="testcases.TC_009_BookAppointmentButton">
        <test-method signature="bookAppointment()[pri:0, instance:testcases.TC_009_BookAppointmentButton@9f116cc]" started-at="2024-04-02T08:46:59 IST" name="bookAppointment" finished-at="2024-04-02T08:47:00 IST" duration-ms="806" status="PASS">
          <reporter-output>
          </reporter-output>
        </test-method> <!-- bookAppointment -->
      </class> <!-- testcases.TC_009_BookAppointmentButton -->
    </test> <!-- BookAppointmentButton -->
    <test started-at="2024-04-02T08:47:00 IST" name="HomePageButton" finished-at="2024-04-02T08:47:01 IST" duration-ms="833">
      <class name="testcases.TC_010_HomePageButton">
        <test-method signature="homePage()[pri:0, instance:testcases.TC_010_HomePageButton@6572421]" started-at="2024-04-02T08:47:00 IST" name="homePage" finished-at="2024-04-02T08:47:01 IST" duration-ms="816" status="PASS">
          <reporter-output>
          </reporter-output>
        </test-method> <!-- homePage -->
      </class> <!-- testcases.TC_010_HomePageButton -->
    </test> <!-- HomePageButton -->
    <test started-at="2024-04-02T08:47:01 IST" name="DataBase" finished-at="2024-04-02T08:47:08 IST" duration-ms="6795">
      <class name="testcases.TC_011_DataBase">
        <test-method signature="verifyDataBase()[pri:0, instance:testcases.TC_011_DataBase@dd8ba08]" started-at="2024-04-02T08:47:01 IST" name="verifyDataBase" finished-at="2024-04-02T08:47:08 IST" duration-ms="6767" status="PASS">
          <reporter-output>
          </reporter-output>
        </test-method> <!-- verifyDataBase -->
      </class> <!-- testcases.TC_011_DataBase -->
      <class name="testcases.TC_010_HomePageButton">
        <test-method is-config="true" signature="launchBrowser()[pri:0, instance:testcases.TC_010_HomePageButton@6572421]" started-at="2024-04-02T08:46:03 IST" name="launchBrowser" finished-at="2024-04-02T08:46:46 IST" duration-ms="42412" status="PASS">
          <reporter-output>
          </reporter-output>
        </test-method> <!-- launchBrowser -->
        <test-method is-config="true" signature="tearDown()[pri:0, instance:testcases.TC_010_HomePageButton@6572421]" started-at="2024-04-02T08:47:08 IST" name="tearDown" finished-at="2024-04-02T08:47:10 IST" duration-ms="1927" status="PASS">
          <reporter-output>
          </reporter-output>
        </test-method> <!-- tearDown -->
      </class> <!-- testcases.TC_010_HomePageButton -->
    </test> <!-- DataBase -->
  </suite> <!-- Test Suite -->
</testng-results>
